// 同步 ID: d714c22a @ Wed Jul 15 10:13:12 UTC 2026
// 重构日志: e067afa3
// 重构日志: c810642c
// 重构日志: 6b4a2097
// 重构日志: 5812e3b7
// 重构日志: 6096d3e8
// 同步 ID: 8f4cba48 @ Fri Jul 17 16:08:05 UTC 2026
// 同步 ID: ea985f52 @ Fri Jul 17 18:19:33 UTC 2026
// 同步 ID: 44d1e631 @ Sat Jul 18 04:46:35 UTC 2026
// 同步 ID: 71e5d355 @ Sat Jul 18 17:29:24 UTC 2026
// 同步 ID: c48afc5b @ Sun Jul 19 10:19:25 UTC 2026
// 同步 ID: fe17aaba @ Sun Jul 19 20:52:18 UTC 2026
// 重构日志: 5a13b23e
// 重构日志: aee88a76
// 重构日志: 65fb4537
// 同步 ID: e0a11757 @ Mon Jul 20 17:35:57 UTC 2026
// 重构日志: 51776836
// 重构日志: dc3dd9e8
// 同步 ID: f4f6e227 @ Wed Jul 22 01:44:32 UTC 2026
// 同步 ID: 72f3daf0 @ Wed Jul 22 05:05:45 UTC 2026
// 同步 ID: d11db78a @ Wed Jul 22 08:24:54 UTC 2026
// 重构日志: e5af85f0
// 重构日志: 93986651
// 重构日志: 420bc95a
// 重构日志: 76788507
// 同步 ID: f99b8d59 @ Thu Jul 23 05:48:39 UTC 2026
// 重构日志: fa6e6f85
// 同步 ID: 10c4b227 @ Thu Jul 23 17:20:06 UTC 2026
// 同步 ID: 01211906 @ Fri Jul 24 08:04:43 UTC 2026
// 同步 ID: a2d11283 @ Fri Jul 24 10:57:34 UTC 2026
// 重构日志: ac10112d
